build/app/intermediates/manifest_merge_blame_file/debug/manifest-merger-blame-debug-report.txt
1<?xml version="1.0" encoding="utf-8"?>
2<manifest xmlns:android="http://schemas.android.com/apk/res/android"
3    package="com.example.bd_payment_ssl_com"
4    android:versionCode="1"
5    android:versionName="1.0.0" >
6
7    <uses-sdk
8        android:minSdkVersion="18"
9        android:targetSdkVersion="33" />
10    <!--
11         The INTERNET permission is required for development. Specifically,
12         the Flutter tool needs it to communicate with the running application
13         to allow setting breakpoints, to provide hot reload, etc.
14    -->
15    <uses-permission android:name="android.permission.INTERNET" />
15-->src\debug\AndroidManifest.xml:6:5-66
15-->src\debug\AndroidManifest.xml:6:22-64
16    <uses-permission android:name="android.permission.ACCESS_NETWORK_STATE" /> <!-- <uses-permission android:name="android.permission.NFC" /> -->
16-->[:sslcommerzlibrary:] AndroidManifest.xml:10:5-79
16-->[:sslcommerzlibrary:] AndroidManifest.xml:10:22-76
17    <!-- <uses-permission android:name="android.permission.ACCESS_ALL_DOWNLOADS" /> -->
18    <supports-screens
18-->[:sslcommerzlibrary:] AndroidManifest.xml:14:5-18:39
19        android:anyDensity="true"
19-->[:sslcommerzlibrary:] AndroidManifest.xml:15:9-34
20        android:largeScreens="true"
20-->[:sslcommerzlibrary:] AndroidManifest.xml:16:9-36
21        android:normalScreens="true"
21-->[:sslcommerzlibrary:] AndroidManifest.xml:17:9-37
22        android:smallScreens="true" />
22-->[:sslcommerzlibrary:] AndroidManifest.xml:18:9-36
23
24    <application
25        android:name="android.app.Application"
26        android:appComponentFactory="androidx.core.app.CoreComponentFactory"
26-->[androidx.core:core:1.6.0] AndroidManifest.xml:24:18-86
27        android:debuggable="true"
28        android:icon="@mipmap/ic_launcher"
29        android:label="bd_payment_ssl_com" >
30        <activity
31            android:name="com.example.bd_payment_ssl_com.MainActivity"
32            android:configChanges="orientation|keyboardHidden|keyboard|screenSize|smallestScreenSize|locale|layoutDirection|fontScale|screenLayout|density|uiMode"
33            android:exported="true"
34            android:hardwareAccelerated="true"
35            android:launchMode="singleTop"
36            android:theme="@style/LaunchTheme"
37            android:windowSoftInputMode="adjustResize" >
38
39            <!--
40                 Specifies an Android theme to apply to this Activity as soon as
41                 the Android process has started. This theme is visible to the user
42                 while the Flutter UI initializes. After that, this theme continues
43                 to determine the Window background behind the Flutter UI.
44            -->
45            <meta-data
46                android:name="io.flutter.embedding.android.NormalTheme"
47                android:resource="@style/NormalTheme" />
48
49            <intent-filter>
50                <action android:name="android.intent.action.MAIN" />
51
52                <category android:name="android.intent.category.LAUNCHER" />
53            </intent-filter>
54        </activity>
55        <!--
56             Don't delete the meta-data below.
57             This is used by the Flutter tool to generate GeneratedPluginRegistrant.java
58        -->
59        <meta-data
60            android:name="flutterEmbedding"
61            android:value="2" />
62
63        <uses-library
63-->[androidx.window:window:1.0.0-beta04] AndroidManifest.xml:25:9-27:40
64            android:name="androidx.window.extensions"
64-->[androidx.window:window:1.0.0-beta04] AndroidManifest.xml:26:13-54
65            android:required="false" />
65-->[androidx.window:window:1.0.0-beta04] AndroidManifest.xml:27:13-37
66        <uses-library
66-->[androidx.window:window:1.0.0-beta04] AndroidManifest.xml:28:9-30:40
67            android:name="androidx.window.sidecar"
67-->[androidx.window:window:1.0.0-beta04] AndroidManifest.xml:29:13-51
68            android:required="false" />
68-->[androidx.window:window:1.0.0-beta04] AndroidManifest.xml:30:13-37
69
70        <activity
70-->[:sslcommerzlibrary:] AndroidManifest.xml:21:9-26:67
71            android:name="com.sslwireless.sslcommerzlibrary.view.activity.MainUIActivitySSLC"
71-->[:sslcommerzlibrary:] AndroidManifest.xml:22:13-94
72            android:configChanges="layoutDirection|locale"
72-->[:sslcommerzlibrary:] AndroidManifest.xml:23:13-59
73            android:screenOrientation="portrait"
73-->[:sslcommerzlibrary:] AndroidManifest.xml:24:13-49
74            android:theme="@style/Theme.AppCompat.Light.NoActionBar"
74-->[:sslcommerzlibrary:] AndroidManifest.xml:25:13-69
75            android:windowSoftInputMode="stateHidden|adjustPan" />
75-->[:sslcommerzlibrary:] AndroidManifest.xml:26:13-64
76        <activity
76-->[:sslcommerzlibrary:] AndroidManifest.xml:27:9-31:58
77            android:name="com.sslwireless.sslcommerzlibrary.view.activity.WebViewActivitySSLC"
77-->[:sslcommerzlibrary:] AndroidManifest.xml:28:13-95
78            android:screenOrientation="portrait"
78-->[:sslcommerzlibrary:] AndroidManifest.xml:29:13-49
79            android:theme="@style/Theme.AppCompat.Light.NoActionBar"
79-->[:sslcommerzlibrary:] AndroidManifest.xml:30:13-69
80            android:windowSoftInputMode="adjustResize" />
80-->[:sslcommerzlibrary:] AndroidManifest.xml:31:13-55
81        <activity
81-->[:sslcommerzlibrary:] AndroidManifest.xml:32:9-36:55
82            android:name="com.sslwireless.sslcommerzlibrary.view.activity.SSLOffersActivitySSLC"
82-->[:sslcommerzlibrary:] AndroidManifest.xml:33:13-97
83            android:screenOrientation="portrait"
83-->[:sslcommerzlibrary:] AndroidManifest.xml:34:13-49
84            android:theme="@style/Theme.AppCompat.Light.NoActionBar"
84-->[:sslcommerzlibrary:] AndroidManifest.xml:35:13-69
85            android:windowSoftInputMode="adjustPan" />
85-->[:sslcommerzlibrary:] AndroidManifest.xml:36:13-52
86        <activity
86-->[:sslcommerzlibrary:] AndroidManifest.xml:37:9-41:55
87            android:name="com.sslwireless.sslcommerzlibrary.view.activity.FAQActivitySSLC"
87-->[:sslcommerzlibrary:] AndroidManifest.xml:38:13-91
88            android:screenOrientation="portrait"
88-->[:sslcommerzlibrary:] AndroidManifest.xml:39:13-49
89            android:theme="@style/Theme.AppCompat.Light.NoActionBar"
89-->[:sslcommerzlibrary:] AndroidManifest.xml:40:13-69
90            android:windowSoftInputMode="adjustPan" />
90-->[:sslcommerzlibrary:] AndroidManifest.xml:41:13-52
91        <activity
91-->[:sslcommerzlibrary:] AndroidManifest.xml:42:9-46:55
92            android:name="com.sslwireless.sslcommerzlibrary.view.activity.SupportActivitySSLC"
92-->[:sslcommerzlibrary:] AndroidManifest.xml:43:13-95
93            android:screenOrientation="portrait"
93-->[:sslcommerzlibrary:] AndroidManifest.xml:44:13-49
94            android:theme="@style/Theme.AppCompat.Light.NoActionBar"
94-->[:sslcommerzlibrary:] AndroidManifest.xml:45:13-69
95            android:windowSoftInputMode="adjustPan" />
95-->[:sslcommerzlibrary:] AndroidManifest.xml:46:13-52
96        <activity
96-->[:sslcommerzlibrary:] AndroidManifest.xml:47:9-51:55
97            android:name="com.sslwireless.sslcommerzlibrary.view.activity.ActivityReadNFC"
97-->[:sslcommerzlibrary:] AndroidManifest.xml:48:13-91
98            android:screenOrientation="portrait"
98-->[:sslcommerzlibrary:] AndroidManifest.xml:49:13-49
99            android:theme="@style/Theme.AppCompat.Light.NoActionBar"
99-->[:sslcommerzlibrary:] AndroidManifest.xml:50:13-69
100            android:windowSoftInputMode="adjustPan" /> <!-- <activity -->
100-->[:sslcommerzlibrary:] AndroidManifest.xml:51:13-52
101        <!-- android:name=".view.activity.NFCCardReading" -->
102        <!-- android:screenOrientation="portrait" -->
103        <!-- android:hardwareAccelerated="false"> -->
104        <!-- <intent-filter> -->
105        <!-- <action android:name="android.nfc.action.TECH_DISCOVERED" /> -->
106        <!-- <category android:name="android.intent.category.DEFAULT" /> -->
107        <!-- </intent-filter> -->
108        <!-- <meta-data -->
109        <!-- android:name="android.nfc.action.TECH_DISCOVERED" -->
110        <!-- android:resource="@xml/nfc_tech_filter" /> -->
111        <!-- </activity> -->
112        <receiver
112-->[:sslcommerzlibrary:] AndroidManifest.xml:69:9-75:20
113            android:name="com.sslwireless.sslcommerzlibrary.view.custom.SSLSmsBroadcastReceiver"
113-->[:sslcommerzlibrary:] AndroidManifest.xml:70:13-97
114            android:exported="true" >
114-->[:sslcommerzlibrary:] AndroidManifest.xml:71:13-36
115            <intent-filter>
115-->[:sslcommerzlibrary:] AndroidManifest.xml:72:13-74:29
116                <action android:name="com.google.android.gms.auth.api.phone.SMS_RETRIEVE" />
116-->[:sslcommerzlibrary:] AndroidManifest.xml:73:17-93
116-->[:sslcommerzlibrary:] AndroidManifest.xml:73:25-90
117            </intent-filter>
118        </receiver>
119    </application>
120
121</manifest>